app/build/outputs/mapping/release/seeds.txt
com.emergencia.medica.MedicalData
com.emergencia.medica.EmergencyWidget
com.emergencia.medica.MainActivity
com.emergencia.medica.EmergencyAccessibilityService
com.emergencia.medica.EmergencyNotificationService
com.emergencia.medica.QRCodeActivity
com.emergencia.medica.ShortcutActivity
com.emergencia.medica.MedicalFormActivity
com.emergencia.medica.ScanQRCodeActivity
com.emergencia.medica.LockScreenActivity
com.emergencia.medica.EmergencyAccessibilityService: java.lang.String TAG
com.emergencia.medica.EmergencyAccessibilityService: com.emergencia.medica.EmergencyAccessibilityService$Companion Companion
com.emergencia.medica.MedicalData: java.lang.String emergencyContact2Name
com.emergencia.medica.MedicalData: java.lang.String preExistingConditions
com.emergencia.medica.MedicalData: java.lang.String emergencyContact1Phone
com.emergencia.medica.MedicalData: java.lang.String bloodType
com.emergencia.medica.MedicalData: java.lang.String emergencyContact2Phone
com.emergencia.medica.EmergencyAccessibilityService: long lastVolumeDownTime
com.emergencia.medica.MedicalData: java.lang.String fullName
com.emergencia.medica.MedicalData: java.lang.String emergencyContact1Name
com.emergencia.medica.MedicalData: boolean hasPacemaker
com.emergencia.medica.MedicalData: java.lang.String allergies
com.emergencia.medica.MainActivity: android.widget.LinearLayout welcomeLayout
com.emergencia.medica.MedicalData: int age
com.emergencia.medica.MedicalData: java.lang.String currentMedications
com.emergencia.medica.EmergencyAccessibilityService: long PRESS_TIMEOUT
com.emergencia.medica.MedicalData: java.lang.String additionalNotes
com.emergencia.medica.MedicalData: java.lang.String hasImplants
com.emergencia.medica.EmergencyAccessibilityService: int REQUIRED_PRESSES
com.emergencia.medica.MedicalData: java.lang.String PREFS_NAME
com.emergencia.medica.MainActivity: android.widget.LinearLayout mainMenuLayout
com.emergencia.medica.MedicalData: com.emergencia.medica.MedicalData$Companion Companion
com.emergencia.medica.EmergencyAccessibilityService: int volumeDownPressCount
com.emergencia.medica.MedicalData: void setAdditionalNotes(java.lang.String)
com.emergencia.medica.MedicalData: void setPreExistingConditions(java.lang.String)
com.emergencia.medica.MainActivity: void onCreate$lambda$6(com.emergencia.medica.MainActivity,android.view.View)
com.emergencia.medica.ShortcutActivity: ShortcutActivity()
com.emergencia.medica.MainActivity: void onCreate$lambda$5(com.emergencia.medica.MainActivity,android.view.View)
com.emergencia.medica.MedicalData: boolean component7()
com.emergencia.medica.MedicalData: com.emergencia.medica.MedicalData copy$default(com.emergencia.medica.MedicalData,java.lang.String,int,java.lang.String,java.lang.String,java.lang.String,java.lang.String,boolean,java.lang.String,java.lang.String,java.lang.String,java.lang.String,java.lang.String,java.lang.String,int,java.lang.Object)
com.emergencia.medica.MedicalData: com.emergencia.medica.MedicalData copy(java.lang.String,int,java.lang.String,java.lang.String,java.lang.String,java.lang.String,boolean,java.lang.String,java.lang.String,java.lang.String,java.lang.String,java.lang.String,java.lang.String)
com.emergencia.medica.MedicalData: java.lang.String toFormattedText()
com.emergencia.medica.MedicalData: java.lang.String component9()
com.emergencia.medica.MedicalData: java.lang.String component12()
com.emergencia.medica.MedicalData: java.lang.String component4()
com.emergencia.medica.MedicalData: java.lang.String component8()
com.emergencia.medica.MedicalData: int hashCode()
com.emergencia.medica.MedicalData: void setAge(int)
com.emergencia.medica.MedicalFormActivity: MedicalFormActivity()
com.emergencia.medica.MedicalData: void setEmergencyContact1Name(java.lang.String)
com.emergencia.medica.LockScreenActivity: void onCreate$lambda$1(com.emergencia.medica.LockScreenActivity,android.view.View)
com.emergencia.medica.EmergencyNotificationService: EmergencyNotificationService()
...
com.google.zxing.datamatrix.encoder.MinimalEncoder$Edge: com.google.zxing.datamatrix.encoder.MinimalEncoder$Mode getPreviousMode()
com.itextpdf.kernel.xmp.XMPPathFactory: java.lang.String composeStructFieldPath(java.lang.String,java.lang.String)
com.itextpdf.kernel.pdf.OcgPropertiesCopier: OcgPropertiesCopier()
com.itextpdf.forms.fields.PdfFormField: com.itextpdf.forms.fields.PdfFormField setFontSize(float)
com.google.zxing.common.BitArray: int getSizeInBytes()
com.itextpdf.kernel.pdf.canvas.parser.PdfCanvasProcessor$SetRGBFillOperator: PdfCanvasProcessor$SetRGBFillOperator(com.itextpdf.kernel.pdf.canvas.parser.PdfCanvasProcessor$1)
com.itextpdf.layout.renderer.AbstractRenderer: boolean hasRelativeUnitValue(int)
com.itextpdf.layout.element.AbstractElement: com.itextpdf.layout.element.IElement addStyle(com.itextpdf.layout.Style)
com.itextpdf.layout.renderer.LineRenderer: void adjustChildPositionsAfterReordering(java.util.List,float)
androidx.appcompat.widget.AppCompatEditText: void setEmojiCompatEnabled(boolean)
com.itextpdf.kernel.geom.Path: void rectangle(float,float,float,float)
com.journeyapps.barcodescanner.CameraPreview: void setTorch(boolean)
androidx.core.view.ViewCompat$Api21Impl: boolean dispatchNestedFling(android.view.View,float,float,boolean)
com.itextpdf.signatures.LtvVerifier: void setVerifier(com.itextpdf.signatures.CertificateVerifier)
com.itextpdf.kernel.pdf.canvas.parser.clipper.PolyNode$NodeType: com.itextpdf.kernel.pdf.canvas.parser.clipper.PolyNode$NodeType valueOf(java.lang.String)
com.google.zxing.client.result.URIParsedResult: java.lang.String getDisplayResult()
com.itextpdf.layout.borders.Border$Side: com.itextpdf.layout.borders.Border$Side valueOf(java.lang.String)
com.itextpdf.kernel.xmp.impl.XMPDateTimeImpl: java.lang.String toString()
com.itextpdf.kernel.xmp.impl.XMPMetaImpl: void setProperty(java.lang.String,java.lang.String,java.lang.Object)
com.itextpdf.kernel.pdf.PdfDocument: void setFlushUnusedObjects(boolean)
com.itextpdf.kernel.pdf.canvas.parser.PdfCanvasProcessor$SetGrayStrokeOperator: void invoke(com.itextpdf.kernel.pdf.canvas.parser.PdfCanvasProcessor,com.itextpdf.kernel.pdf.PdfLiteral,java.util.List)
com.itextpdf.styledxmlparser.jsoup.select.QueryParser: void not()
com.itextpdf.io.codec.TIFFFaxDecoder: void getNextChangingElement(int,boolean,int[])
com.itextpdf.signatures.PdfSignatureAppearance: com.itextpdf.signatures.PdfSignatureAppearance setLayer2FontSize(float)
com.itextpdf.styledxmlparser.jsoup.parser.CharacterReader: boolean isEmptyNoBufferUp()
com.itextpdf.layout.splitting.BreakAllSplitCharacters: BreakAllSplitCharacters()
androidx.appcompat.widget.AppCompatButton: void setSupportAllCaps(boolean)
com.google.android.material.textfield.TextInputLayout: void setErrorAccessibilityLiveRegion(int)
com.itextpdf.io.font.woff2.Woff2Converter: byte[] convert(byte[])
com.itextpdf.kernel.pdf.annot.PdfStampAnnotation: PdfStampAnnotation(com.itextpdf.kernel.geom.Rectangle)
com.itextpdf.io.font.FontIdentification: java.lang.String getTtfUniqueId()
com.itextpdf.svg.renderers.impl.TextSvgBranchRenderer: float[][] getAbsolutePositionChanges()
com.google.android.material.textfield.TextInputLayout: void setBoxCollapsedPaddingTop(int)
com.itextpdf.kernel.pdf.canvas.PdfCanvas: com.itextpdf.kernel.pdf.canvas.PdfCanvas setExtGState(com.itextpdf.kernel.pdf.extgstate.PdfExtGState)
com.itextpdf.kernel.pdf.canvas.parser.data.TextRenderInfo: java.util.List getCanvasTagHierarchy()
com.itextpdf.kernel.utils.PdfSplitter: java.util.List extractPageRanges(java.util.List)
com.itextpdf.io.font.otf.ContextualRule: int getContextLength()
com.itextpdf.kernel.pdf.canvas.parser.clipper.IClipper$JoinType: IClipper$JoinType(java.lang.String,int)
com.itextpdf.kernel.pdf.tagging.PdfStructTreeRoot: void ifKidIsStructElementAddToList(com.itextpdf.kernel.pdf.PdfObject,java.util.List)
org.slf4j.LoggerFactory: org.slf4j.Logger getLogger(java.lang.String)
com.itextpdf.io.util.TextUtil: java.lang.String charToString(char)