app/build/outputs/mapping/release/usage.txt
com.emergencia.medica.EmergencyNotificationService$Companion:
    public final void stop(android.content.Context)
com.emergencia.medica.EmergencyNotificationService:
    private static final java.lang.String CHANNEL_ID
    private static final int NOTIFICATION_ID
    private static final java.lang.String TAG
    public final void updateNotification()
com.emergencia.medica.PowerButtonReceiver$Companion
com.emergencia.medica.PowerButtonReceiver
com.emergencia.medica.R$color
com.emergencia.medica.R$drawable
com.emergencia.medica.R$id:
    private void <init>()
com.emergencia.medica.R$layout:
    private void <init>()
com.emergencia.medica.R$mipmap
com.emergencia.medica.R$string
com.emergencia.medica.R$xml
com.emergencia.medica.R
com.emergencia.medica.EmergencyNotificationService$Companion
com.emergencia.medica.EmergencyNotificationService:
    public static final androidx.savedstate.SavedStateRegistryController$Companion Companion
    public static void <clinit>()
    public static android.app.Notification createNotification()
    public static void createNotificationChannel()
com.emergencia.medica.EmergencyWidget$Companion
com.emergencia.medica.EmergencyWidget:
    public static final androidx.savedstate.SavedStateRegistryController$Companion Companion
    public static void <clinit>()
com.emergencia.medica.LockScreenActivity$$InternalSyntheticLambda$1$047d315cd3dde36f91b747360d0bd4969fefa488d833ff1c664a529ead44bfb5$3
com.emergencia.medica.MainActivity$$InternalSyntheticLambda$1$9c81b3856ab58dcccfbd496759f336f4e7a59f0803185e72e7e8a1a1c0984604$1
com.emergencia.medica.MainActivity$$InternalSyntheticLambda$1$9c81b3856ab58dcccfbd496759f336f4e7a59f0803185e72e7e8a1a1c0984604$2
com.emergencia.medica.MainActivity$$InternalSyntheticLambda$1$9c81b3856ab58dcccfbd496759f336f4e7a59f0803185e72e7e8a1a1c0984604$3
com.emergencia.medica.MainActivity$$InternalSyntheticLambda$1$9c81b3856ab58dcccfbd496759f336f4e7a59f0803185e72e7e8a1a1c0984604$4
com.emergencia.medica.MainActivity$$InternalSyntheticLambda$1$9c81b3856ab58dcccfbd496759f336f4e7a59f0803185e72e7e8a1a1c0984604$5
com.emergencia.medica.MainActivity$$InternalSyntheticLambda$1$9c81b3856ab58dcccfbd496759f336f4e7a59f0803185e72e7e8a1a1c0984604$6
com.emergencia.medica.MedicalData$Companion:
    public static void save()
com.emergencia.medica.MedicalFormActivity:
    public static void initViews()
    public static void loadExistingData()
    public static void saveData()
    public static void setupBloodTypeSpinner()
com.emergencia.medica.QRCodeActivity$$InternalSyntheticLambda$1$55557ab6e9a1a801bd0e53c9babac3d980bc52dc7251f38efa4cade2c2658b30$1
com.emergencia.medica.QRCodeActivity:
    public static void generateQRCode()
    public static java.lang.String generateWebURL()
    public static void saveQRCodeToGallery()
    public static void shareQRCode()
com.emergencia.medica.R$id
com.emergencia.medica.R$layout
com.emergencia.medica.ScanQRCodeActivity$$InternalSyntheticLambda$1$8e7280d8ebecee87bd7ebd76957769b465af6aa1e4a4601792356cd2bbc4cc3d$0
com.emergencia.medica.ScanQRCodeActivity$startScanning$1:
    private static synthetic void possibleResultPoints$com$emergencia$medica$ScanQRCodeActivity$startScanning$1()
    private static void possibleResultPoints$com$journeyapps$barcodescanner$CaptureManager$1()
com.emergencia.medica.ScanQRCodeActivity:
    public java.lang.String formattedText
    public static boolean checkCameraPermission()
    public static boolean checkStoragePermission()
    public static void checkStoragePermissionAndGeneratePDF()
    public static void processScannedData()
    public static void requestCameraPermission()
com.emergencia.medica.ShortcutActivity$$InternalSyntheticLambda$1$abb09eee6bd6d24370c29670f88f7a4c476fb23c4d9779c7cc7782f35a570205$1
com.emergencia.medica.ShortcutActivity:
    public static void createShortcut()
    public static void enableAccessibilityService()
...
org.bouncycastle.crypto.engines.AESFastEngine:
    public static void decryptBlock()
    public static void encryptBlock()
    public static int[][] generateWorkingKey()
    public static int shift()
org.bouncycastle.crypto.engines.GOST28147Engine:
    public static final byte[] DSbox_A
    public static final byte[] DSbox_Test
    public static final byte[] ESbox_A
    public static final byte[] ESbox_B
    public static final byte[] ESbox_C
    public static final byte[] ESbox_D
    public static final byte[] ESbox_Test
    public static final byte[] Param_Z
    public static void GOST28147Func()
    public static byte[] getSBox(java.lang.String)
    public static void intTobytes(int,byte[],int)
org.bouncycastle.crypto.io.CipherIOException
org.bouncycastle.crypto.io.InvalidCipherTextIOException
org.bouncycastle.crypto.modes.CBCBlockCipher:
    public static int decryptBlock()
    public static int encryptBlock()
org.bouncycastle.crypto.paddings.BlockCipherPadding
org.bouncycastle.crypto.paddings.PKCS7Padding
org.bouncycastle.crypto.paddings.PaddedBufferedBlockCipher$$InternalSyntheticThrowCCEIfNotNull$13$372105a19967a057dca0d3eafcd3433d0f6a7844c6f0e478603e00f61308f978$0
org.bouncycastle.crypto.paddings.PaddedBufferedBlockCipher:
    private static void $r8$constructor$org$bouncycastle$crypto$BufferedBlockCipher()
    public static int getBlockSize()
    public static int getBlockSize$org$bouncycastle$crypto$BufferedBlockCipher()
    public static int getOutputSize()
    public final int getUpdateOutputSize(int)
    public static void init()
    public static int processBytes()
    public static void reset$org$bouncycastle$crypto$BufferedBlockCipher()
org.bouncycastle.crypto.params.AsymmetricKeyParameter:
    public final boolean privateKey
org.bouncycastle.crypto.params.KeyParameter:
    public static byte[] getKey()
org.bouncycastle.crypto.params.ParametersWithIV:
    public static byte[] getIV()
    public final org.bouncycastle.crypto.CipherParameters getParameters()
org.bouncycastle.crypto.params.ParametersWithRandom
org.bouncycastle.crypto.params.ParametersWithSBox:
    public final org.bouncycastle.crypto.CipherParameters parameters
    public final org.bouncycastle.crypto.CipherParameters getParameters()
    public static byte[] getSBox()
org.bouncycastle.crypto.util.DigestFactory$10
org.bouncycastle.crypto.util.DigestFactory$11
org.bouncycastle.crypto.util.DigestFactory$12
org.bouncycastle.crypto.util.DigestFactory$1
org.bouncycastle.crypto.util.DigestFactory$2
org.bouncycastle.crypto.util.DigestFactory$3
org.bouncycastle.crypto.util.DigestFactory$4
org.bouncycastle.crypto.util.DigestFactory$5
org.bouncycastle.crypto.util.DigestFactory$6
org.bouncycastle.crypto.util.DigestFactory$7
org.bouncycastle.crypto.util.DigestFactory$8
org.bouncycastle.crypto.util.DigestFactory$9
org.bouncycastle.crypto.util.DigestFactory:
    public static final java.util.HashMap cloneMap
    public static org.bouncycastle.crypto.ExtendedDigest createSHA1()
    public static org.bouncycastle.crypto.ExtendedDigest createSHA224()
    public static org.bouncycastle.crypto.ExtendedDigest createSHA256()
    public static org.bouncycastle.crypto.ExtendedDigest createSHA384()
    public static org.bouncycastle.crypto.ExtendedDigest createSHA512()
org.bouncycastle.jcajce.CompositePublicKey
org.bouncycastle.jcajce.io.OutputStreamFactory
org.bouncycastle.jcajce.provider.asymmetric.util.PKCS12BagAttributeCarrierImpl
org.bouncycastle.jcajce.provider.config.ConfigurableProvider
org.bouncycastle.jcajce.provider.config.ProviderConfiguration
org.bouncycastle.jcajce.provider.config.ProviderConfigurationPermission:
    public static int calculateMask()
org.bouncycastle.jcajce.provider.symmetric.util.ClassUtil
org.bouncycastle.jcajce.provider.util.AlgorithmProvider
org.bouncycastle.jcajce.provider.util.AsymmetricKeyInfoConverter:
    public abstract java.security.PublicKey generatePublic(org.bouncycastle.asn1.x509.SubjectPublicKeyInfo)